#
# There is insufficient memory for the Java Runtime Environment to continue.
# Native memory allocation (mmap) failed to map 33554432 bytes for Failed to commit area from 0x000000076b600000 to 0x000000076d600000 of length 33554432.
# Possible reasons:
#   The system is out of physical RAM or swap space
#   The process is running with CompressedOops enabled, and the Java Heap may be blocking the growth of the native heap
# Possible solutions:
#   Reduce memory load on the system
#   Increase physical memory or swap space
#   Check if swap backing store is full
#   Decrease Java heap size (-Xmx/-Xms)
#   Decrease number of Java threads
#   Decrease Java thread stack sizes (-Xss)
#   Set larger code cache with -XX:ReservedCodeCacheSize=
#   JVM is running with Zero Based Compressed Oops mode in which the Java heap is
#     placed in the first 32GB address space. The Java Heap base address is the
#     maximum limit for the native heap growth. Please use -XX:HeapBaseMinAddress
#     to set the Java Heap base and to place the Java Heap above 32GB virtual address.
# This output file may be truncated or incomplete.
#
#  Out of Memory Error (./open/src/hotspot/os/windows/os_windows.cpp:3315), pid=912, tid=14176
#
# JRE version: Java(TM) SE Runtime Environment (14.0.2+12) (build 14.0.2+12-46)
# Java VM: Java HotSpot(TM) 64-Bit Server VM (14.0.2+12-46, mixed mode, sharing, tiered, compressed oops, g1 gc, windows-amd64)
# No core dump will be written. Minidumps are not enabled by default on client versions of Windows
#

---------------  S U M M A R Y ------------

Command Line: -Dcom.sun.management.jmxremote -Dcom.sun.management.jmxremote.port=50060 -Dcom.sun.management.jmxremote.authenticate=false -Dcom.sun.management.jmxremote.ssl=false -Djava.rmi.server.hostname=localhost -Dspring.application.admin.enabled=true -Dspring.jmx.enabled=true -XX:+ShowCodeDetailsInExceptionMessages -Dfile.encoding=UTF-8 com.una.muni.MuniApplication

Host: Intel(R) Core(TM) i5-4570 CPU @ 3.20GHz, 4 cores, 9G,  Windows 10 , 64 bit Build 16299 (10.0.16299.1127)
Time: Wed Sep 30 16:17:26 2020 Hora estándar, América Central elapsed time: 2 seconds (0d 0h 0m 2s)

---------------  T H R E A D  ---------------

Current thread (0x0000021c285d4800):  VMThread "VM Thread" [stack: 0x0000002daa100000,0x0000002daa200000] [id=14176]

Stack: [0x0000002daa100000,0x0000002daa200000]
[error occurred during error reporting (printing stack bounds), id 0xc0000005, EXCEPTION_ACCESS_VIOLATION (0xc0000005) at pc=0x0000021c10ad10ad]

Native frames: (J=compiled Java code, j=interpreted, Vv=VM code, C=native code)
V  [jvm.dll+0x5f8a9a]
V  [jvm.dll+0x74247a]
V  [jvm.dll+0x743c2f]
V  [jvm.dll+0x7441d5]
V  [jvm.dll+0x74418b]
V  [jvm.dll+0x5f7f6f]
V  [jvm.dll+0x5f8738]
C  [ntdll.dll+0xa4ecd]
C  [ntdll.dll+0x26058]
C  [ntdll.dll+0xa3dfe]
C  0x0000021c10ad10ad

VM_Operation (0x0000002da9bfba20): CollectForMetadataAllocation, mode: safepoint, requested by thread 0x0000021c06b6a000


---------------  P R O C E S S  ---------------

Threads class SMR info:
_java_thread_list=0x0000021c2a72b4a0, length=15, elements={
0x0000021c06b6a000, 0x0000021c285d9000, 0x0000021c285dc000, 0x0000021c285ef800,
0x0000021c285f3800, 0x0000021c285f5800, 0x0000021c285f9800, 0x0000021c28f24800,
0x0000021c28f30000, 0x0000021c28fec800, 0x0000021c2909c000, 0x0000021c28f25000,
0x0000021c296b2000, 0x0000021c29710000, 0x0000021c295dd000
}

Java Threads: ( => current thread )
  0x0000021c06b6a000 JavaThread "main" [_thread_blocked, id=14568, stack(0x0000002da9b00000,0x0000002da9c00000)]
  0x0000021c285d9000 JavaThread "Reference Handler" daemon [_thread_blocked, id=14192, stack(0x0000002daa200000,0x0000002daa300000)]
  0x0000021c285dc000 JavaThread "Finalizer" daemon [_thread_blocked, id=8916, stack(0x0000002daa300000,0x0000002daa400000)]
  0x0000021c285ef800 JavaThread "Signal Dispatcher" daemon [_thread_blocked, id=4888, stack(0x0000002daa400000,0x0000002daa500000)]
  0x0000021c285f3800 JavaThread "Attach Listener" daemon [_thread_blocked, id=8356, stack(0x0000002daa500000,0x0000002daa600000)]
  0x0000021c285f5800 JavaThread "Service Thread" daemon [_thread_blocked, id=15820, stack(0x0000002daa600000,0x0000002daa700000)]
  0x0000021c285f9800 JavaThread "C2 CompilerThread0" daemon [_thread_blocked, id=12424, stack(0x0000002daa700000,0x0000002daa800000)]
  0x0000021c28f24800 JavaThread "C1 CompilerThread0" daemon [_thread_blocked, id=14524, stack(0x0000002daa800000,0x0000002daa900000)]
  0x0000021c28f30000 JavaThread "Sweeper thread" daemon [_thread_blocked, id=10152, stack(0x0000002daa900000,0x0000002daaa00000)]
  0x0000021c28fec800 JavaThread "Common-Cleaner" daemon [_thread_blocked, id=16972, stack(0x0000002daaa00000,0x0000002daab00000)]
  0x0000021c2909c000 JavaThread "Notification Thread" daemon [_thread_blocked, id=3084, stack(0x0000002daab00000,0x0000002daac00000)]
  0x0000021c28f25000 JavaThread "C2 CompilerThread1" daemon [_thread_blocked, id=17268, stack(0x0000002daac00000,0x0000002daad00000)]
  0x0000021c296b2000 JavaThread "RMI TCP Accept-0" daemon [_thread_in_native, id=1452, stack(0x0000002daad00000,0x0000002daae00000)]
  0x0000021c29710000 JavaThread "RMI TCP Accept-50060" daemon [_thread_in_native, id=3476, stack(0x0000002daae00000,0x0000002daaf00000)]
  0x0000021c295dd000 JavaThread "RMI TCP Accept-0" daemon [_thread_in_native, id=9136, stack(0x0000002daaf00000,0x0000002dab000000)]

Other Threads:
=>0x0000021c285d4800 VMThread "VM Thread" [stack: 0x0000002daa100000,0x0000002daa200000] [id=14176]
  0x0000021c295de800 WatcherThread [stack: 0x0000002dab000000,0x0000002dab100000] [id=8252]
  0x0000021c06bb6800 GCTaskThread "GC Thread#0" [stack: 0x0000002da9c00000,0x0000002da9d00000] [id=16920]
  0x0000021c29698800 GCTaskThread "GC Thread#1" [stack: 0x0000002dab100000,0x0000002dab200000] [id=12720]
  0x0000021c29683800 GCTaskThread "GC Thread#2" [stack: 0x0000002dab200000,0x0000002dab300000] [id=2112]
  0x0000021c2a2dd000 GCTaskThread "GC Thread#3" [stack: 0x0000002dab500000,0x0000002dab600000] [id=15348]
  0x0000021c06bcc000 ConcurrentGCThread "G1 Main Marker" [stack: 0x0000002da9d00000,0x0000002da9e00000] [id=11116]
  0x0000021c06bcd000 ConcurrentGCThread "G1 Conc#0" [stack: 0x0000002da9e00000,0x0000002da9f00000] [id=17044]
  0x0000021c28447800 ConcurrentGCThread "G1 Refine#0" [stack: 0x0000002da9f00000,0x0000002daa000000] [id=17276]
  0x0000021c290fe000 ConcurrentGCThread "G1 Refine#1" [stack: 0x0000002dab300000,0x0000002dab400000] [id=5004]
  0x0000021c28448800 ConcurrentGCThread "G1 Young RemSet Sampling" [stack: 0x0000002daa000000,0x0000002daa100000] [id=13016]

Threads with active compile tasks:

VM state:at safepoint (normal execution)

VM Mutex/Monitor currently owned by a thread:  ([mutex/lock_event])
[0x0000021c06b66700] Threads_lock - owner thread: 0x0000021c285d4800
[0x0000021c06b660d0] Heap_lock - owner thread: 0x0000021c06b6a000

Heap address: 0x0000000761600000, size: 2538 MB, Compressed Oops mode: Zero based, Oop shift amount: 3
Narrow klass base: 0x0000000800000000, Narrow klass shift: 3
Compressed class space size: 1073741824 Address: 0x0000000800b30000

Heap:
 garbage-first heap   total 196608K, used 10795K [0x0000000761600000, 0x0000000800000000)
  region size 1024K, 5 young (5120K), 5 survivors (5120K)
 Metaspace       used 20482K, capacity 21159K, committed 21248K, reserved 1067008K
  class space    used 2495K, capacity 2779K, committed 2816K, reserved 1048576K
Heap Regions: E=young(eden), S=young(survivor), O=old, HS=humongous(starts), HC=humongous(continues), CS=collection set, F=free, OA=open archive, CA=closed archive, TAMS=top-at-mark-start (previous, next)
|   0|0x0000000761600000, 0x0000000761700000, 0x0000000761700000|100%|HS|  |TAMS 0x0000000761600000, 0x0000000761700000| Complete 
|   1|0x0000000761700000, 0x0000000761800000, 0x0000000761800000|100%| O|  |TAMS 0x0000000761700000, 0x0000000761800000| Untracked 
|   2|0x0000000761800000, 0x0000000761900000, 0x0000000761900000|100%| O|  |TAMS 0x0000000761800000, 0x0000000761900000| Untracked 
|   3|0x0000000761900000, 0x0000000761a00000, 0x0000000761a00000|100%| O|  |TAMS 0x0000000761900000, 0x0000000761a00000| Untracked 
|   4|0x0000000761a00000, 0x0000000761b00000, 0x0000000761b00000|100%| O|  |TAMS 0x0000000761a00000, 0x0000000761b00000| Untracked 
|   5|0x0000000761b00000, 0x0000000761be2800, 0x0000000761c00000| 88%| O|  |TAMS 0x0000000761b00000, 0x0000000761be2800| Untracked 
|   6|0x0000000761c00000, 0x0000000761c00000, 0x0000000761d00000|  0%| F|  |TAMS 0x0000000761c00000, 0x0000000761c00000| Untracked 
|   7|0x0000000761d00000, 0x0000000761d00000, 0x0000000761e00000|  0%| F|  |TAMS 0x0000000761d00000, 0x0000000761d00000| Untracked 
|   8|0x0000000761e00000, 0x0000000761e00000, 0x0000000761f00000|  0%| F|  |TAMS 0x0000000761e00000, 0x0000000761e00000| Untracked 
|   9|0x0000000761f00000, 0x0000000761f00000, 0x0000000762000000|  0%| F|  |TAMS 0x0000000761f00000, 0x0000000761f00000| Untracked 
|  10|0x0000000762000000, 0x0000000762000000, 0x0000000762100000|  0%| F|  |TAMS 0x0000000762000000, 0x0000000762000000| Untracked 
|  11|0x0000000762100000, 0x0000000762100000, 0x0000000762200000|  0%| F|  |TAMS 0x0000000762100000, 0x0000000762100000| Untracked 
|  12|0x0000000762200000, 0x0000000762200000, 0x0000000762300000|  0%| F|  |TAMS 0x0000000762200000, 0x0000000762200000| Untracked 
|  13|0x0000000762300000, 0x0000000762300000, 0x0000000762400000|  0%| F|  |TAMS 0x0000000762300000, 0x0000000762300000| Untracked 
|  14|0x0000000762400000, 0x0000000762400000, 0x0000000762500000|  0%| F|  |TAMS 0x0000000762400000, 0x0000000762400000| Untracked 
|  15|0x0000000762500000, 0x0000000762500000, 0x0000000762600000|  0%| F|  |TAMS 0x0000000762500000, 0x0000000762500000| Untracked 
|  16|0x0000000762600000, 0x0000000762600000, 0x0000000762700000|  0%| F|  |TAMS 0x0000000762600000, 0x0000000762600000| Untracked 
|  17|0x0000000762700000, 0x0000000762700000, 0x0000000762800000|  0%| F|  |TAMS 0x0000000762700000, 0x0000000762700000| Untracked 
|  18|0x0000000762800000, 0x0000000762800000, 0x0000000762900000|  0%| F|  |TAMS 0x0000000762800000, 0x0000000762800000| Untracked 
|  19|0x0000000762900000, 0x0000000762900000, 0x0000000762a00000|  0%| F|  |TAMS 0x0000000762900000, 0x0000000762900000| Untracked 
|  20|0x0000000762a00000, 0x0000000762a00000, 0x0000000762b00000|  0%| F|  |TAMS 0x0000000762a00000, 0x0000000762a00000| Untracked 
|  21|0x0000000762b00000, 0x0000000762b00000, 0x0000000762c00000|  0%| F|  |TAMS 0x0000000762b00000, 0x0000000762b00000| Untracked 
|  22|0x0000000762c00000, 0x0000000762c00000, 0x0000000762d00000|  0%| F|  |TAMS 0x0000000762c00000, 0x0000000762c00000| Untracked 
|  23|0x0000000762d00000, 0x0000000762d00000, 0x0000000762e00000|  0%| F|  |TAMS 0x0000000762d00000, 0x0000000762d00000| Untracked 
|  24|0x0000000762e00000, 0x0000000762e00000, 0x0000000762f00000|  0%| F|  |TAMS 0x0000000762e00000, 0x0000000762e00000| Untracked 
|  25|0x0000000762f00000, 0x0000000762f00000, 0x0000000763000000|  0%| F|  |TAMS 0x0000000762f00000, 0x0000000762f00000| Untracked 
|  26|0x0000000763000000, 0x0000000763000000, 0x0000000763100000|  0%| F|  |TAMS 0x0000000763000000, 0x0000000763000000| Untracked 
|  27|0x0000000763100000, 0x0000000763100000, 0x0000000763200000|  0%| F|  |TAMS 0x0000000763100000, 0x0000000763100000| Untracked 
|  28|0x0000000763200000, 0x0000000763200000, 0x0000000763300000|  0%| F|  |TAMS 0x0000000763200000, 0x0000000763200000| Untracked 
|  29|0x0000000763300000, 0x0000000763300000, 0x0000000763400000|  0%| F|  |TAMS 0x0000000763300000, 0x0000000763300000| Untracked 
|  30|0x0000000763400000, 0x0000000763400000, 0x0000000763500000|  0%| F|  |TAMS 0x0000000763400000, 0x0000000763400000| Untracked 
|  31|0x0000000763500000, 0x0000000763500000, 0x0000000763600000|  0%| F|  |TAMS 0x0000000763500000, 0x0000000763500000| Untracked 
|  32|0x0000000763600000, 0x0000000763600000, 0x0000000763700000|  0%| F|  |TAMS 0x0000000763600000, 0x0000000763600000| Untracked 
|  33|0x0000000763700000, 0x0000000763700000, 0x0000000763800000|  0%| F|  |TAMS 0x0000000763700000, 0x0000000763700000| Untracked 
|  34|0x0000000763800000, 0x0000000763800000, 0x0000000763900000|  0%| F|  |TAMS 0x0000000763800000, 0x0000000763800000| Untracked 
|  35|0x0000000763900000, 0x0000000763900000, 0x0000000763a00000|  0%| F|  |TAMS 0x0000000763900000, 0x0000000763900000| Untracked 
|  36|0x0000000763a00000, 0x0000000763a00000, 0x0000000763b00000|  0%| F|  |TAMS 0x0000000763a00000, 0x0000000763a00000| Untracked 
|  37|0x0000000763b00000, 0x0000000763b00000, 0x0000000763c00000|  0%| F|  |TAMS 0x0000000763b00000, 0x0000000763b00000| Untracked 
|  38|0x0000000763c00000, 0x0000000763c00000, 0x0000000763d00000|  0%| F|  |TAMS 0x0000000763c00000, 0x0000000763c00000| Untracked 
|  39|0x0000000763d00000, 0x0000000763d00000, 0x0000000763e00000|  0%| F|  |TAMS 0x0000000763d00000, 0x0000000763d00000| Untracked 
|  40|0x0000000763e00000, 0x0000000763e00000, 0x0000000763f00000|  0%| F|  |TAMS 0x0000000763e00000, 0x0000000763e00000| Untracked 
|  41|0x0000000763f00000, 0x0000000763f00000, 0x0000000764000000|  0%| F|  |TAMS 0x0000000763f00000, 0x0000000763f00000| Untracked 
|  42|0x0000000764000000, 0x0000000764000000, 0x0000000764100000|  0%| F|  |TAMS 0x0000000764000000, 0x0000000764000000| Untracked 
|  43|0x0000000764100000, 0x0000000764100000, 0x0000000764200000|  0%| F|  |TAMS 0x0000000764100000, 0x0000000764100000| Untracked 
|  44|0x0000000764200000, 0x0000000764200000, 0x0000000764300000|  0%| F|  |TAMS 0x0000000764200000, 0x0000000764200000| Untracked 
|  45|0x0000000764300000, 0x0000000764300000, 0x0000000764400000|  0%| F|  |TAMS 0x0000000764300000, 0x0000000764300000| Untracked 
|  46|0x0000000764400000, 0x0000000764400000, 0x0000000764500000|  0%| F|  |TAMS 0x0000000764400000, 0x0000000764400000| Untracked 
|  47|0x0000000764500000, 0x0000000764500000, 0x0000000764600000|  0%| F|  |TAMS 0x0000000764500000, 0x0000000764500000| Untracked 
|  48|0x0000000764600000, 0x0000000764600000, 0x0000000764700000|  0%| F|  |TAMS 0x0000000764600000, 0x0000000764600000| Untracked 
|  49|0x0000000764700000, 0x0000000764700000, 0x0000000764800000|  0%| F|  |TAMS 0x0000000764700000, 0x0000000764700000| Untracked 
|  50|0x0000000764800000, 0x0000000764800000, 0x0000000764900000|  0%| F|  |TAMS 0x0000000764800000, 0x0000000764800000| Untracked 
|  51|0x0000000764900000, 0x0000000764900000, 0x0000000764a00000|  0%| F|  |TAMS 0x0000000764900000, 0x0000000764900000| Untracked 
|  52|0x0000000764a00000, 0x0000000764a00000, 0x0000000764b00000|  0%| F|  |TAMS 0x0000000764a00000, 0x0000000764a00000| Untracked 
|  53|0x0000000764b00000, 0x0000000764b00000, 0x0000000764c00000|  0%| F|  |TAMS 0x0000000764b00000, 0x0000000764b00000| Untracked 
|  54|0x0000000764c00000, 0x0000000764c00000, 0x0000000764d00000|  0%| F|  |TAMS 0x0000000764c00000, 0x0000000764c00000| Untracked 
|  55|0x0000000764d00000, 0x0000000764d00000, 0x0000000764e00000|  0%| F|  |TAMS 0x0000000764d00000, 0x0000000764d00000| Untracked 
|  56|0x0000000764e00000, 0x0000000764e00000, 0x0000000764f00000|  0%| F|  |TAMS 0x0000000764e00000, 0x0000000764e00000| Untracked 
|  57|0x0000000764f00000, 0x0000000764f00000, 0x0000000765000000|  0%| F|  |TAMS 0x0000000764f00000, 0x0000000764f00000| Untracked 
|  58|0x0000000765000000, 0x0000000765000000, 0x0000000765100000|  0%| F|  |TAMS 0x0000000765000000, 0x0000000765000000| Untracked 
|  59|0x0000000765100000, 0x0000000765100000, 0x0000000765200000|  0%| F|  |TAMS 0x0000000765100000, 0x0000000765100000| Untracked 
|  60|0x0000000765200000, 0x0000000765200000, 0x0000000765300000|  0%| F|  |TAMS 0x0000000765200000, 0x0000000765200000| Untracked 
|  61|0x0000000765300000, 0x0000000765300000, 0x0000000765400000|  0%| F|  |TAMS 0x0000000765300000, 0x0000000765300000| Untracked 
|  62|0x0000000765400000, 0x0000000765400000, 0x0000000765500000|  0%| F|  |TAMS 0x0000000765400000, 0x0000000765400000| Untracked 
|  63|0x0000000765500000, 0x0000000765500000, 0x0000000765600000|  0%| F|  |TAMS 0x0000000765500000, 0x0000000765500000| Untracked 
|  64|0x0000000765600000, 0x0000000765600000, 0x0000000765700000|  0%| F|  |TAMS 0x0000000765600000, 0x0000000765600000| Untracked 
|  65|0x0000000765700000, 0x0000000765700000, 0x0000000765800000|  0%| F|  |TAMS 0x0000000765700000, 0x0000000765700000| Untracked 
|  66|0x0000000765800000, 0x0000000765800000, 0x0000000765900000|  0%| F|  |TAMS 0x0000000765800000, 0x0000000765800000| Untracked 
|  67|0x0000000765900000, 0x0000000765900000, 0x0000000765a00000|  0%| F|  |TAMS 0x0000000765900000, 0x0000000765900000| Untracked 
|  68|0x0000000765a00000, 0x0000000765a00000, 0x0000000765b00000|  0%| F|  |TAMS 0x0000000765a00000, 0x0000000765a00000| Untracked 
|  69|0x0000000765b00000, 0x0000000765b00000, 0x0000000765c00000|  0%| F|  |TAMS 0x0000000765b00000, 0x0000000765b00000| Untracked 
|  70|0x0000000765c00000, 0x0000000765c00000, 0x0000000765d00000|  0%| F|  |TAMS 0x0000000765c00000, 0x0000000765c00000| Untracked 
|  71|0x0000000765d00000, 0x0000000765d00000, 0x0000000765e00000|  0%| F|  |TAMS 0x0000000765d00000, 0x0000000765d00000| Untracked 
|  72|0x0000000765e00000, 0x0000000765e00000, 0x0000000765f00000|  0%| F|  |TAMS 0x0000000765e00000, 0x0000000765e00000| Untracked 
|  73|0x0000000765f00000, 0x0000000765f00000, 0x0000000766000000|  0%| F|  |TAMS 0x0000000765f00000, 0x0000000765f00000| Untracked 
|  74|0x0000000766000000, 0x0000000766000000, 0x0000000766100000|  0%| F|  |TAMS 0x0000000766000000, 0x0000000766000000| Untracked 
|  75|0x0000000766100000, 0x0000000766100000, 0x0000000766200000|  0%| F|  |TAMS 0x0000000766100000, 0x0000000766100000| Untracked 
|  76|0x0000000766200000, 0x0000000766200000, 0x0000000766300000|  0%| F|  |TAMS 0x0000000766200000, 0x0000000766200000| Untracked 
|  77|0x0000000766300000, 0x0000000766300000, 0x0000000766400000|  0%| F|  |TAMS 0x0000000766300000, 0x0000000766300000| Untracked 
|  78|0x0000000766400000, 0x0000000766400000, 0x0000000766500000|  0%| F|  |TAMS 0x0000000766400000, 0x0000000766400000| Untracked 
|  79|0x0000000766500000, 0x0000000766500000, 0x0000000766600000|  0%| F|  |TAMS 0x0000000766500000, 0x0000000766500000| Untracked 
|  80|0x0000000766600000, 0x0000000766600000, 0x0000000766700000|  0%| F|  |TAMS 0x0000000766600000, 0x0000000766600000| Untracked 
|  81|0x0000000766700000, 0x0000000766700000, 0x0000000766800000|  0%| F|  |TAMS 0x0000000766700000, 0x0000000766700000| Untracked 
|  82|0x0000000766800000, 0x0000000766800000, 0x0000000766900000|  0%| F|  |TAMS 0x0000000766800000, 0x0000000766800000| Untracked 
|  83|0x0000000766900000, 0x0000000766900000, 0x0000000766a00000|  0%| F|  |TAMS 0x0000000766900000, 0x0000000766900000| Untracked 
|  84|0x0000000766a00000, 0x0000000766a00000, 0x0000000766b00000|  0%| F|  |TAMS 0x0000000766a00000, 0x0000000766a00000| Untracked 
|  85|0x0000000766b00000, 0x0000000766b00000, 0x0000000766c00000|  0%| F|  |TAMS 0x0000000766b00000, 0x0000000766b00000| Untracked 
|  86|0x0000000766c00000, 0x0000000766c00000, 0x0000000766d00000|  0%| F|  |TAMS 0x0000000766c00000, 0x0000000766c00000| Untracked 
|  87|0x0000000766d00000, 0x0000000766d00000, 0x0000000766e00000|  0%| F|  |TAMS 0x0000000766d00000, 0x0000000766d00000| Untracked 
|  88|0x0000000766e00000, 0x0000000766e00000, 0x0000000766f00000|  0%| F|  |TAMS 0x0000000766e00000, 0x0000000766e00000| Untracked 
|  89|0x0000000766f00000, 0x0000000766f00000, 0x0000000767000000|  0%| F|  |TAMS 0x0000000766f00000, 0x0000000766f00000| Untracked 
|  90|0x0000000767000000, 0x0000000767000000, 0x0000000767100000|  0%| F|  |TAMS 0x0000000767000000, 0x0000000767000000| Untracked 
|  91|0x0000000767100000, 0x0000000767100000, 0x0000000767200000|  0%| F|  |TAMS 0x0000000767100000, 0x0000000767100000| Untracked 
|  92|0x0000000767200000, 0x0000000767200000, 0x0000000767300000|  0%| F|  |TAMS 0x0000000767200000, 0x0000000767200000| Untracked 
|  93|0x0000000767300000, 0x0000000767300000, 0x0000000767400000|  0%| F|  |TAMS 0x0000000767300000, 0x0000000767300000| Untracked 
|  94|0x0000000767400000, 0x0000000767400000, 0x0000000767500000|  0%| F|  |TAMS 0x0000000767400000, 0x0000000767400000| Untracked 
|  95|0x0000000767500000, 0x0000000767500000, 0x0000000767600000|  0%| F|  |TAMS 0x0000000767500000, 0x0000000767500000| Untracked 
|  96|0x0000000767600000, 0x0000000767600000, 0x0000000767700000|  0%| F|  |TAMS 0x0000000767600000, 0x0000000767600000| Untracked 
|  97|0x0000000767700000, 0x0000000767700000, 0x0000000767800000|  0%| F|  |TAMS 0x0000000767700000, 0x0000000767700000| Untracked 
|  98|0x0000000767800000, 0x0000000767800000, 0x0000000767900000|  0%| F|  |TAMS 0x0000000767800000, 0x0000000767800000| Untracked 
|  99|0x0000000767900000, 0x0000000767900000, 0x0000000767a00000|  0%| F|  |TAMS 0x0000000767900000, 0x0000000767900000| Untracked 
| 100|0x0000000767a00000, 0x0000000767a00000, 0x0000000767b00000|  0%| F|  |TAMS 0x0000000767a00000, 0x0000000767a00000| Untracked 
| 101|0x0000000767b00000, 0x0000000767b00000, 0x0000000767c00000|  0%| F|  |TAMS 0x0000000767b00000, 0x0000000767b00000| Untracked 
| 102|0x0000000767c00000, 0x0000000767c00000, 0x0000000767d00000|  0%| F|  |TAMS 0x0000000767c00000, 0x0000000767c00000| Untracked 
| 103|0x0000000767d00000, 0x0000000767d00000, 0x0000000767e00000|  0%| F|  |TAMS 0x0000000767d00000, 0x0000000767d00000| Untracked 
| 104|0x0000000767e00000, 0x0000000767e00000, 0x0000000767f00000|  0%| F|  |TAMS 0x0000000767e00000, 0x0000000767e00000| Untracked 
| 105|0x0000000767f00000, 0x0000000767f00000, 0x0000000768000000|  0%| F|  |TAMS 0x0000000767f00000, 0x0000000767f00000| Untracked 
| 106|0x0000000768000000, 0x0000000768000000, 0x0000000768100000|  0%| F|  |TAMS 0x0000000768000000, 0x0000000768000000| Untracked 
| 107|0x0000000768100000, 0x0000000768100000, 0x0000000768200000|  0%| F|  |TAMS 0x0000000768100000, 0x0000000768100000| Untracked 
| 108|0x0000000768200000, 0x0000000768200000, 0x0000000768300000|  0%| F|  |TAMS 0x0000000768200000, 0x0000000768200000| Untracked 
| 109|0x0000000768300000, 0x0000000768300000, 0x0000000768400000|  0%| F|  |TAMS 0x0000000768300000, 0x0000000768300000| Untracked 
| 110|0x0000000768400000, 0x0000000768400000, 0x0000000768500000|  0%| F|  |TAMS 0x0000000768400000, 0x0000000768400000| Untracked 
| 111|0x0000000768500000, 0x0000000768500000, 0x0000000768600000|  0%| F|  |TAMS 0x0000000768500000, 0x0000000768500000| Untracked 
| 112|0x0000000768600000, 0x0000000768600000, 0x0000000768700000|  0%| F|  |TAMS 0x0000000768600000, 0x0000000768600000| Untracked 
| 113|0x0000000768700000, 0x0000000768700000, 0x0000000768800000|  0%| F|  |TAMS 0x0000000768700000, 0x0000000768700000| Untracked 
| 114|0x0000000768800000, 0x0000000768800000, 0x0000000768900000|  0%| F|  |TAMS 0x0000000768800000, 0x0000000768800000| Untracked 
| 115|0x0000000768900000, 0x0000000768900000, 0x0000000768a00000|  0%| F|  |TAMS 0x0000000768900000, 0x0000000768900000| Untracked 
| 116|0x0000000768a00000, 0x0000000768a00000, 0x0000000768b00000|  0%| F|  |TAMS 0x0000000768a00000, 0x0000000768a00000| Untracked 
| 117|0x0000000768b00000, 0x0000000768b00000, 0x0000000768c00000|  0%| F|  |TAMS 0x0000000768b00000, 0x0000000768b00000| Untracked 
| 118|0x0000000768c00000, 0x0000000768c00000, 0x0000000768d00000|  0%| F|  |TAMS 0x0000000768c00000, 0x0000000768c00000| Untracked 
| 119|0x0000000768d00000, 0x0000000768d00000, 0x0000000768e00000|  0%| F|  |TAMS 0x0000000768d00000, 0x0000000768d00000| Untracked 
| 120|0x0000000768e00000, 0x0000000768e00000, 0x0000000768f00000|  0%| F|  |TAMS 0x0000000768e00000, 0x0000000768e00000| Untracked 
| 121|0x0000000768f00000, 0x0000000768f00000, 0x0000000769000000|  0%| F|  |TAMS 0x0000000768f00000, 0x0000000768f00000| Untracked 
| 122|0x0000000769000000, 0x0000000769000000, 0x0000000769100000|  0%| F|  |TAMS 0x0000000769000000, 0x0000000769000000| Untracked 
| 123|0x0000000769100000, 0x0000000769100000, 0x0000000769200000|  0%| F|  |TAMS 0x0000000769100000, 0x0000000769100000| Untracked 
| 124|0x0000000769200000, 0x0000000769200000, 0x0000000769300000|  0%| F|  |TAMS 0x0000000769200000, 0x0000000769200000| Untracked 
| 125|0x0000000769300000, 0x0000000769300000, 0x0000000769400000|  0%| F|  |TAMS 0x0000000769300000, 0x0000000769300000| Untracked 
| 126|0x0000000769400000, 0x0000000769400000, 0x0000000769500000|  0%| F|  |TAMS 0x0000000769400000, 0x0000000769400000| Untracked 
| 127|0x0000000769500000, 0x0000000769500000, 0x0000000769600000|  0%| F|  |TAMS 0x0000000769500000, 0x0000000769500000| Untracked 
| 128|0x0000000769600000, 0x0000000769600000, 0x0000000769700000|  0%| F|  |TAMS 0x0000000769600000, 0x0000000769600000| Untracked 
| 129|0x0000000769700000, 0x0000000769700000, 0x0000000769800000|  0%| F|  |TAMS 0x0000000769700000, 0x0000000769700000| Untracked 
| 130|0x0000000769800000, 0x0000000769800000, 0x0000000769900000|  0%| F|  |TAMS 0x0000000769800000, 0x0000000769800000| Untracked 
| 131|0x0000000769900000, 0x00000007699a8738, 0x0000000769a00000| 65%| S|CS|TAMS 0x0000000769900000, 0x0000000769900000| Complete 
| 132|0x0000000769a00000, 0x0000000769b00000, 0x0000000769b00000|100%| S|CS|TAMS 0x0000000769a00000, 0x0000000769a00000| Complete 
| 133|0x0000000769b00000, 0x0000000769c00000, 0x0000000769c00000|100%| S|CS|TAMS 0x0000000769b00000, 0x0000000769b00000| Complete 
| 134|0x0000000769c00000, 0x0000000769d00000, 0x0000000769d00000|100%| S|CS|TAMS 0x0000000769c00000, 0x0000000769c00000| Complete 
| 135|0x0000000769d00000, 0x0000000769e00000, 0x0000000769e00000|100%| S|CS|TAMS 0x0000000769d00000, 0x0000000769d00000| Complete 
| 136|0x0000000769e00000, 0x0000000769e00000, 0x0000000769f00000|  0%| F|  |TAMS 0x0000000769e00000, 0x0000000769e00000| Untracked 
| 137|0x0000000769f00000, 0x0000000769f00000, 0x000000076a000000|  0%| F|  |TAMS 0x0000000769f00000, 0x0000000769f00000| Untracked 
| 138|0x000000076a000000, 0x000000076a000000, 0x000000076a100000|  0%| F|  |TAMS 0x000000076a000000, 0x000000076a000000| Untracked 
| 139|0x000000076a100000, 0x000000076a100000, 0x000000076a200000|  0%| F|  |TAMS 0x000000076a100000, 0x000000076a100000| Untracked 
| 140|0x000000076a200000, 0x000000076a200000, 0x000000076a300000|  0%| F|  |TAMS 0x000000076a200000, 0x000000076a200000| Untracked 
| 141|0x000000076a300000, 0x000000076a300000, 0x000000076a400000|  0%| F|  |TAMS 0x000000076a300000, 0x000000076a300000| Untracked 
| 142|0x000000076a400000, 0x000000076a400000, 0x000000076a500000|  0%| F|  |TAMS 0x000000076a400000, 0x000000076a400000| Untracked 
| 143|0x000000076a500000, 0x000000076a500000, 0x000000076a600000|  0%| F|  |TAMS 0x000000076a500000, 0x000000076a500000| Untracked 
| 144|0x000000076a600000, 0x000000076a600000, 0x000000076a700000|  0%| F|  |TAMS 0x000000076a600000, 0x000000076a600000| Untracked 
| 145|0x000000076a700000, 0x000000076a700000, 0x000000076a800000|  0%| F|  |TAMS 0x000000076a700000, 0x000000076a700000| Untracked 
| 146|0x000000076a800000, 0x000000076a800000, 0x000000076a900000|  0%| F|  |TAMS 0x000000076a800000, 0x000000076a800000| Untracked 
| 147|0x000000076a900000, 0x000000076a900000, 0x000000076aa00000|  0%| F|  |TAMS 0x000000076a900000, 0x000000076a900000| Untracked 
| 148|0x000000076aa00000, 0x000000076aa00000, 0x000000076ab00000|  0%| F|  |TAMS 0x000000076aa00000, 0x000000076aa00000| Untracked 
| 149|0x000000076ab00000, 0x000000076ab00000, 0x000000076ac00000|  0%| F|  |TAMS 0x000000076ab00000, 0x000000076ab00000| Untracked 
| 150|0x000000076ac00000, 0x000000076ac00000, 0x000000076ad00000|  0%| F|  |TAMS 0x000000076ac00000, 0x000000076ac00000| Untracked 
| 151|0x000000076ad00000, 0x000000076ad00000, 0x000000076ae00000|  0%| F|  |TAMS 0x000000076ad00000, 0x000000076ad00000| Untracked 
| 152|0x000000076ae00000, 0x000000076ae00000, 0x000000076af00000|  0%| F|  |TAMS 0x000000076ae00000, 0x000000076ae00000| Untracked 
| 153|0x000000076af00000, 0x000000076af00000, 0x000000076b000000|  0%| F|  |TAMS 0x000000076af00000, 0x000000076af00000| Untracked 
| 154|0x000000076b000000, 0x000000076b000000, 0x000000076b100000|  0%| F|  |TAMS 0x000000076b000000, 0x000000076b000000| Untracked 
| 155|0x000000076b100000, 0x000000076b100000, 0x000000076b200000|  0%| F|  |TAMS 0x000000076b100000, 0x000000076b100000| Untracked 
| 156|0x000000076b200000, 0x000000076b200000, 0x000000076b300000|  0%| F|  |TAMS 0x000000076b200000, 0x000000076b200000| Untracked 
| 157|0x000000076b300000, 0x000000076b300000, 0x000000076b400000|  0%| F|  |TAMS 0x000000076b300000, 0x000000076b300000| Untracked 
| 158|0x000000076b400000, 0x000000076b400000, 0x000000076b500000|  0%| F|  |TAMS 0x000000076b400000, 0x000000076b400000| Untracked 
| 159|0x000000076b500000, 0x000000076b500000, 0x000000076b600000|  0%| F|  |TAMS 0x000000076b500000, 0x000000076b500000| Untracked 

Card table byte_map: [0x0000021c20600000,0x0000021c20b00000] _byte_map_base: 0x0000021c1caf5000

Marking Bits (Prev, Next): (CMBitMap*) 0x0000021c06bb74b8, (CMBitMap*) 0x0000021c06bb74f8
 Prev Bits: [0x0000021c21000000, 0x0000021c237a8000)
 Next Bits: [0x0000021c237b0000, 0x0000021c25f58000)

Polling page: 0x0000021c06c30000

Metaspace:

Usage:
  Non-class:     17.95 MB capacity,    17.57 MB ( 98%) used,   322.56 KB (  2%) free+waste,    69.50 KB ( <1%) overhead. 
      Class:      2.71 MB capacity,     2.44 MB ( 90%) used,   249.28 KB (  9%) free+waste,    34.69 KB (  1%) overhead. 
       Both:     20.66 MB capacity,    20.00 MB ( 97%) used,   571.84 KB (  3%) free+waste,   104.19 KB ( <1%) overhead. 

Virtual space:
  Non-class space:       18.00 MB reserved,      18.00 MB (100%) committed 
      Class space:        1.00 GB reserved,       2.75 MB ( <1%) committed 
             Both:        1.02 GB reserved,      20.75 MB (  2%) committed 

Chunk freelists:
   Non-Class:  52.00 KB
       Class:  5.00 KB
        Both:  57.00 KB

MaxMetaspaceSize: 17179869184.00 GB
CompressedClassSpaceSize: 1.00 GB

CodeHeap 'non-profiled nmethods': size=120000Kb used=1290Kb max_used=1290Kb free=118709Kb
 bounds [0x0000021c185a0000, 0x0000021c18810000, 0x0000021c1fad0000]
CodeHeap 'profiled nmethods': size=120000Kb used=5944Kb max_used=5944Kb free=114055Kb
 bounds [0x0000021c11070000, 0x0000021c11640000, 0x0000021c185a0000]
CodeHeap 'non-nmethods': size=5760Kb used=1217Kb max_used=1263Kb free=4542Kb
 bounds [0x0000021c10ad0000, 0x0000021c10d40000, 0x0000021c11070000]
 total_blobs=3208 nmethods=2721 adapters=399
 compilation: enabled
              stopped_count=0, restarted_count=0
 full_count=0

Compilation events (20 events):
Event: 2.610 Thread 0x0000021c28f24800 2713   !   3       sun.reflect.annotation.AnnotationParser::parseEnumValue (155 bytes)
Event: 2.611 Thread 0x0000021c28f24800 nmethod 2713 0x0000021c11634e10 code [0x0000021c11635240, 0x0000021c11636c38]
Event: 2.615 Thread 0x0000021c28f24800 2714       3       sun.reflect.annotation.AnnotationInvocationHandler::<init> (51 bytes)
Event: 2.616 Thread 0x0000021c28f24800 nmethod 2714 0x0000021c11637710 code [0x0000021c11637900, 0x0000021c11637e68]
Event: 2.616 Thread 0x0000021c28f24800 2715       1       org.springframework.beans.BeanMetadataAttributeAccessor::getSource (5 bytes)
Event: 2.616 Thread 0x0000021c28f24800 nmethod 2715 0x0000021c186e2490 code [0x0000021c186e2620, 0x0000021c186e26f8]
Event: 2.616 Thread 0x0000021c28f24800 2716       3       sun.reflect.annotation.AnnotationParser$1::run (40 bytes)
Event: 2.616 Thread 0x0000021c285f9800 2719       4       org.springframework.util.ConcurrentReferenceHashMap$Segment::getIndex (7 bytes)
Event: 2.616 Thread 0x0000021c285f9800 nmethod 2719 0x0000021c186e2790 code [0x0000021c186e2920, 0x0000021c186e29b8]
Event: 2.617 Thread 0x0000021c28f24800 nmethod 2716 0x0000021c11638090 code [0x0000021c11638360, 0x0000021c11639498]
Event: 2.617 Thread 0x0000021c28f24800 2717       3       java.lang.reflect.Proxy::getProxyConstructor (92 bytes)
Event: 2.618 Thread 0x0000021c28f24800 nmethod 2717 0x0000021c11639990 code [0x0000021c11639ca0, 0x0000021c1163b498]
Event: 2.618 Thread 0x0000021c28f24800 2718   !   3       java.lang.reflect.Proxy::newProxyInstance (75 bytes)
Event: 2.618 Thread 0x0000021c28f24800 nmethod 2718 0x0000021c1163ba10 code [0x0000021c1163bc80, 0x0000021c1163c8d8]
Event: 2.618 Thread 0x0000021c28f24800 2720       3       java.util.Collections$SetFromMap::isEmpty (10 bytes)
Event: 2.618 Thread 0x0000021c28f24800 nmethod 2720 0x0000021c1163cd90 code [0x0000021c1163cf40, 0x0000021c1163d148]
Event: 2.619 Thread 0x0000021c28f24800 2721       3       org.springframework.beans.BeanMetadataAttributeAccessor::<init> (5 bytes)
Event: 2.619 Thread 0x0000021c28f24800 nmethod 2721 0x0000021c1163d210 code [0x0000021c1163d3e0, 0x0000021c1163d818]
Event: 2.619 Thread 0x0000021c28f24800 2722       3       org.springframework.core.AttributeAccessorSupport::<init> (16 bytes)
Event: 2.619 Thread 0x0000021c28f24800 nmethod 2722 0x0000021c1163d990 code [0x0000021c1163db60, 0x0000021c1163df38]

GC Heap History (9 events):
Event: 0.545 GC heap before
{Heap before GC invocations=0 (full 0):
 garbage-first heap   total 163840K, used 13312K [0x0000000761600000, 0x0000000800000000)
  region size 1024K, 13 young (13312K), 0 survivors (0K)
 Metaspace       used 5313K, capacity 5673K, committed 5888K, reserved 1056768K
  class space    used 604K, capacity 710K, committed 768K, reserved 1048576K
}
Event: 0.553 GC heap after
{Heap after GC invocations=1 (full 0):
 garbage-first heap   total 163840K, used 5932K [0x0000000761600000, 0x0000000800000000)
  region size 1024K, 2 young (2048K), 2 survivors (2048K)
 Metaspace       used 5313K, capacity 5673K, committed 5888K, reserved 1056768K
  class space    used 604K, capacity 710K, committed 768K, reserved 1048576K
}
Event: 0.726 GC heap before
{Heap before GC invocations=1 (full 0):
 garbage-first heap   total 163840K, used 15148K [0x0000000761600000, 0x0000000800000000)
  region size 1024K, 12 young (12288K), 2 survivors (2048K)
 Metaspace       used 7101K, capacity 7405K, committed 7680K, reserved 1056768K
  class space    used 805K, capacity 928K, committed 1024K, reserved 1048576K
}
Event: 0.729 GC heap after
{Heap after GC invocations=2 (full 0):
 garbage-first heap   total 163840K, used 6986K [0x0000000761600000, 0x0000000800000000)
  region size 1024K, 1 young (1024K), 1 survivors (1024K)
 Metaspace       used 7101K, capacity 7405K, committed 7680K, reserved 1056768K
  class space    used 805K, capacity 928K, committed 1024K, reserved 1048576K
}
Event: 1.227 GC heap before
{Heap before GC invocations=2 (full 0):
 garbage-first heap   total 163840K, used 31562K [0x0000000761600000, 0x0000000800000000)
  region size 1024K, 25 young (25600K), 1 survivors (1024K)
 Metaspace       used 10706K, capacity 11106K, committed 11264K, reserved 1058816K
  class space    used 1320K, capacity 1467K, committed 1536K, reserved 1048576K
}
Event: 1.234 GC heap after
{Heap after GC invocations=3 (full 0):
 garbage-first heap   total 163840K, used 7906K [0x0000000761600000, 0x0000000800000000)
  region size 1024K, 2 young (2048K), 2 survivors (2048K)
 Metaspace       used 10706K, capacity 11106K, committed 11264K, reserved 1058816K
  class space    used 1320K, capacity 1467K, committed 1536K, reserved 1048576K
}
Event: 2.107 GC heap before
{Heap before GC invocations=3 (full 0):
 garbage-first heap   total 163840K, used 103138K [0x0000000761600000, 0x0000000800000000)
  region size 1024K, 96 young (98304K), 2 survivors (2048K)
 Metaspace       used 18659K, capacity 19331K, committed 19456K, reserved 1067008K
  class space    used 2276K, capacity 2545K, committed 2560K, reserved 1048576K
}
Event: 2.112 GC heap after
{Heap after GC invocations=4 (full 0):
 garbage-first heap   total 163840K, used 10226K [0x0000000761600000, 0x0000000800000000)
  region size 1024K, 5 young (5120K), 5 survivors (5120K)
 Metaspace       used 18659K, capacity 19331K, committed 19456K, reserved 1067008K
  class space    used 2276K, capacity 2545K, committed 2560K, reserved 1048576K
}
Event: 2.621 GC heap before
{Heap before GC invocations=4 (full 0):
 garbage-first heap   total 163840K, used 33778K [0x0000000761600000, 0x0000000800000000)
  region size 1024K, 29 young (29696K), 5 survivors (5120K)
 Metaspace       used 20482K, capacity 21159K, committed 21248K, reserved 1067008K
  class space    used 2495K, capacity 2779K, committed 2816K, reserved 1048576K
}

Deoptimization events (20 events):
Event: 2.384 Thread 0x0000021c06b6a000 Uncommon trap: trap_request=0xffffffde fr.pc=0x0000021c185abae8 relative=0x00000000000001c8
Event: 2.384 Thread 0x0000021c06b6a000 Uncommon trap: reason=class_check action=maybe_recompile pc=0x0000021c185abae8 method=java.lang.String.equals(Ljava/lang/Object;)Z @ 8 c2
Event: 2.384 Thread 0x0000021c06b6a000 DEOPT PACKING pc=0x0000021c185abae8 sp=0x0000002da9bfe990
Event: 2.384 Thread 0x0000021c06b6a000 DEOPT UNPACKING pc=0x0000021c10b1912f sp=0x0000002da9bfe928 mode 2
Event: 2.384 Thread 0x0000021c06b6a000 Uncommon trap: trap_request=0xffffffde fr.pc=0x0000021c185abae8 relative=0x00000000000001c8
Event: 2.384 Thread 0x0000021c06b6a000 Uncommon trap: reason=class_check action=maybe_recompile pc=0x0000021c185abae8 method=java.lang.String.equals(Ljava/lang/Object;)Z @ 8 c2
Event: 2.384 Thread 0x0000021c06b6a000 DEOPT PACKING pc=0x0000021c185abae8 sp=0x0000002da9bfe990
Event: 2.384 Thread 0x0000021c06b6a000 DEOPT UNPACKING pc=0x0000021c10b1912f sp=0x0000002da9bfe928 mode 2
Event: 2.385 Thread 0x0000021c06b6a000 Uncommon trap: trap_request=0xffffffde fr.pc=0x0000021c186bbea0 relative=0x0000000000000240
Event: 2.385 Thread 0x0000021c06b6a000 Uncommon trap: reason=class_check action=maybe_recompile pc=0x0000021c186bbea0 method=java.lang.String.equals(Ljava/lang/Object;)Z @ 8 c2
Event: 2.385 Thread 0x0000021c06b6a000 DEOPT PACKING pc=0x0000021c186bbea0 sp=0x0000002da9bfe670
Event: 2.385 Thread 0x0000021c06b6a000 DEOPT UNPACKING pc=0x0000021c10b1912f sp=0x0000002da9bfe598 mode 2
Event: 2.385 Thread 0x0000021c06b6a000 Uncommon trap: trap_request=0xffffffde fr.pc=0x0000021c185abae8 relative=0x00000000000001c8
Event: 2.385 Thread 0x0000021c06b6a000 Uncommon trap: reason=class_check action=maybe_recompile pc=0x0000021c185abae8 method=java.lang.String.equals(Ljava/lang/Object;)Z @ 8 c2
Event: 2.385 Thread 0x0000021c06b6a000 DEOPT PACKING pc=0x0000021c185abae8 sp=0x0000002da9bfe5e0
Event: 2.385 Thread 0x0000021c06b6a000 DEOPT UNPACKING pc=0x0000021c10b1912f sp=0x0000002da9bfe588 mode 2
Event: 2.568 Thread 0x0000021c06b6a000 Uncommon trap: trap_request=0xffffffc6 fr.pc=0x0000021c1868fa4c relative=0x0000000000000c4c
Event: 2.568 Thread 0x0000021c06b6a000 Uncommon trap: reason=bimorphic_or_optimized_type_check action=maybe_recompile pc=0x0000021c1868fa4c method=java.util.HashMap.putVal(ILjava/lang/Object;Ljava/lang/Object;ZZ)Ljava/lang/Object; @ 203 c2
Event: 2.568 Thread 0x0000021c06b6a000 DEOPT PACKING pc=0x0000021c1868fa4c sp=0x0000002da9bfe990
Event: 2.568 Thread 0x0000021c06b6a000 DEOPT UNPACKING pc=0x0000021c10b1912f sp=0x0000002da9bfe930 mode 2

Classes unloaded (0 events):
No events

Classes redefined (0 events):
No events

Internal exceptions (20 events):
Event: 1.468 Thread 0x0000021c06b6a000 Exception <a 'java/lang/IncompatibleClassChangeError'{0x00000007697f7500}: Found class java.lang.Object, but interface was expected> (0x00000007697f7500) 
thrown [./open/src/hotspot/share/interpreter/linkResolver.cpp, line 832]
Event: 1.473 Thread 0x0000021c06b6a000 Exception <a 'java/lang/ClassNotFoundException'{0x00000007696f4b40}: org/springframework/context/annotation/ConfigurationClassPostProcessorCustomizer> (0x00000007696f4b40) 
thrown [./open/src/hotspot/share/classfile/systemDictionary.cpp, line 226]
Event: 1.508 Thread 0x0000021c06b6a000 Exception <a 'java/lang/ClassNotFoundException'{0x00000007695e5c58}: org/springframework/beans/factory/support/BeanDefinitionRegistryPostProcessorCustomizer> (0x00000007695e5c58) 
thrown [./open/src/hotspot/share/classfile/systemDictionary.cpp, line 226]
Event: 1.508 Thread 0x0000021c06b6a000 Exception <a 'java/lang/ClassNotFoundException'{0x0000000769478a38}: org/springframework/beans/factory/config/BeanFactoryPostProcessorCustomizer> (0x0000000769478a38) 
thrown [./open/src/hotspot/share/classfile/systemDictionary.cpp, line 226]
Event: 1.519 Thread 0x0000021c06b6a000 Exception <a 'java/lang/ClassNotFoundException'{0x00000007694880a0}: org/springframework/core/PriorityOrderedCustomizer> (0x00000007694880a0) 
thrown [./open/src/hotspot/share/classfile/systemDictionary.cpp, line 226]
Event: 1.519 Thread 0x0000021c06b6a000 Exception <a 'java/lang/ClassNotFoundException'{0x00000007694954e0}: org/springframework/core/OrderedCustomizer> (0x00000007694954e0) 
thrown [./open/src/hotspot/share/classfile/systemDictionary.cpp, line 226]
Event: 1.520 Thread 0x0000021c06b6a000 Exception <a 'java/lang/ClassNotFoundException'{0x00000007694a53d8}: org/springframework/context/ResourceLoaderAwareCustomizer> (0x00000007694a53d8) 
thrown [./open/src/hotspot/share/classfile/systemDictionary.cpp, line 226]
Event: 1.520 Thread 0x0000021c06b6a000 Exception <a 'java/lang/ClassNotFoundException'{0x00000007694b4598}: org/springframework/beans/factory/AwareCustomizer> (0x00000007694b4598) 
thrown [./open/src/hotspot/share/classfile/systemDictionary.cpp, line 226]
Event: 1.520 Thread 0x0000021c06b6a000 Exception <a 'java/lang/ClassNotFoundException'{0x00000007694c4518}: org/springframework/beans/factory/BeanClassLoaderAwareCustomizer> (0x00000007694c4518) 
thrown [./open/src/hotspot/share/classfile/systemDictionary.cpp, line 226]
Event: 1.521 Thread 0x0000021c06b6a000 Exception <a 'java/lang/ClassNotFoundException'{0x00000007694d36f0}: org/springframework/beans/factory/AwareCustomizer> (0x00000007694d36f0) 
thrown [./open/src/hotspot/share/classfile/systemDictionary.cpp, line 226]
Event: 1.521 Thread 0x0000021c06b6a000 Exception <a 'java/lang/ClassNotFoundException'{0x00000007694e24c0}: org/springframework/context/EnvironmentAwareCustomizer> (0x00000007694e24c0) 
thrown [./open/src/hotspot/share/classfile/systemDictionary.cpp, line 226]
Event: 1.522 Thread 0x0000021c06b6a000 Exception <a 'java/lang/ClassNotFoundException'{0x00000007692714a0}: org/springframework/beans/factory/AwareCustomizer> (0x00000007692714a0) 
thrown [./open/src/hotspot/share/classfile/systemDictionary.cpp, line 226]
Event: 1.568 Thread 0x0000021c2a29d800 Exception <a 'java/lang/NoSuchMethodError'{0x00000007690c9c70}: 'long java.lang.invoke.DirectMethodHandle$Holder.invokeStatic(java.lang.Object, java.lang.Object)'> (0x00000007690c9c70) 
thrown [./open/src/hotspot/share/interpreter/linkResolver.cpp, line 766]
Event: 1.569 Thread 0x0000021c2a29d800 Exception <a 'java/lang/NoSuchMethodError'{0x00000007690cc978}: 'long java.lang.invoke.DirectMethodHandle$Holder.invokeStaticInit(java.lang.Object, java.lang.Object)'> (0x00000007690cc978) 
thrown [./open/src/hotspot/share/interpreter/linkResolver.cpp, line 766]
Event: 1.570 Thread 0x0000021c2a29d800 Exception <a 'java/lang/NoSuchMethodError'{0x00000007690d8370}: 'long java.lang.invoke.DirectMethodHandle$Holder.invokeInterface(java.lang.Object, java.lang.Object)'> (0x00000007690d8370) 
thrown [./open/src/hotspot/share/interpreter/linkResolver.cpp, line 766]
Event: 1.570 Thread 0x0000021c2a29d800 Exception <a 'java/lang/IncompatibleClassChangeError'{0x00000007690dae98}: Found class java.lang.Object, but interface was expected> (0x00000007690dae98) 
thrown [./open/src/hotspot/share/interpreter/linkResolver.cpp, line 832]
Event: 1.584 Thread 0x0000021c2a29d800 Exception <a 'java/lang/NoSuchMethodError'{0x0000000768e427c0}: 'java.lang.Object java.lang.invoke.DirectMethodHandle$Holder.invokeVirtual(java.lang.Object, java.lang.Object, java.lang.Object, java.lang.Object)'> (0x0000000768e427c0) 
thrown [./open/src/hotspot/share/interpreter/linkResolver.cpp, line 766]
Event: 1.701 Thread 0x0000021c06b6a000 Exception <a 'java/lang/NoSuchMethodError'{0x0000000768a4a8d8}: 'int java.lang.invoke.DirectMethodHandle$Holder.invokeSpecialIFC(java.lang.Object, java.lang.Object, java.lang.Object, java.lang.Object)'> (0x0000000768a4a8d8) 
thrown [./open/src/hotspot/share/interpreter/linkResolver.cpp, line 766]
Event: 1.886 Thread 0x0000021c06b6a000 Exception <a 'java/lang/IncompatibleClassChangeError'{0x0000000765fc3950}: Found class java.lang.Object, but interface was expected> (0x0000000765fc3950) 
thrown [./open/src/hotspot/share/interpreter/linkResolver.cpp, line 832]
Event: 1.939 Thread 0x0000021c06b6a000 Exception <a 'java/lang/NoSuchMethodError'{0x0000000765db1af8}: 'void java.lang.invoke.DirectMethodHandle$Holder.invokeInterface(java.lang.Object, java.lang.Object, java.lang.Object, java.lang.Object)'> (0x0000000765db1af8) 
thrown [./open/src/hotspot/share/interpreter/linkResolver.cpp, line 766]

Events (20 events):
Event: 2.209 Executing VM operation: HandshakeOneThread
Event: 2.209 Executing VM operation: HandshakeOneThread done
Event: 2.209 Executing VM operation: HandshakeOneThread
Event: 2.209 Executing VM operation: HandshakeOneThread done
Event: 2.289 Executing VM operation: HandshakeOneThread
Event: 2.289 Executing VM operation: HandshakeOneThread done
Event: 2.289 Executing VM operation: HandshakeOneThread
Event: 2.289 Executing VM operation: HandshakeOneThread done
Event: 2.393 Executing VM operation: HandshakeAllThreads
Event: 2.394 Executing VM operation: HandshakeAllThreads done
Event: 2.520 Executing VM operation: ICBufferFull
Event: 2.520 Executing VM operation: ICBufferFull done
Event: 2.526 Loaded shared library C:\Program Files\Java\jdk-14.0.2\bin\java.dll
Event: 2.560 loading class javax/management/MalformedObjectNameException
Event: 2.560 loading class javax/management/MalformedObjectNameException done
Event: 2.575 loading class java/lang/UnsupportedClassVersionError
Event: 2.575 loading class java/lang/ClassFormatError
Event: 2.575 loading class java/lang/ClassFormatError done
Event: 2.575 loading class java/lang/UnsupportedClassVersionError done
Event: 2.621 Executing VM operation: CollectForMetadataAllocation


Dynamic libraries:
0x00007ff67f9e0000 - 0x00007ff67f9ef000 	C:\Program Files\Java\jdk-14.0.2\bin\java.exe
0x00007ffa47a40000 - 0x00007ffa47c20000 	C:\Windows\SYSTEM32\ntdll.dll
0x00007ffa44fb0000 - 0x00007ffa4505e000 	C:\Windows\System32\KERNEL32.DLL
0x00007ffa43e90000 - 0x00007ffa440f6000 	C:\Windows\System32\KERNELBASE.dll
0x00007ffa44d00000 - 0x00007ffa44df4000 	C:\Windows\System32\ucrtbase.dll
0x00007ffa29890000 - 0x00007ffa298a8000 	C:\Program Files\Java\jdk-14.0.2\bin\jli.dll
0x00007ffa23330000 - 0x00007ffa23345000 	C:\Program Files\Java\jdk-14.0.2\bin\VCRUNTIME140.dll
0x00007ffa474f0000 - 0x00007ffa47591000 	C:\Windows\System32\ADVAPI32.dll
0x00007ffa451f0000 - 0x00007ffa4528d000 	C:\Windows\System32\msvcrt.dll
0x00007ffa45190000 - 0x00007ffa451eb000 	C:\Windows\System32\sechost.dll
0x00007ffa47600000 - 0x00007ffa4771f000 	C:\Windows\System32\RPCRT4.dll
0x00007ffa471a0000 - 0x00007ffa4732f000 	C:\Windows\System32\USER32.dll
0x00007ffa44ac0000 - 0x00007ffa44ae0000 	C:\Windows\System32\win32u.dll
0x00007ffa479e0000 - 0x00007ffa47a08000 	C:\Windows\System32\GDI32.dll
0x00007ffa44b60000 - 0x00007ffa44cf3000 	C:\Windows\System32\gdi32full.dll
0x00007ffa33f20000 - 0x00007ffa34189000 	C:\Windows\WinSxS\amd64_microsoft.windows.common-controls_6595b64144ccf1df_6.0.16299.1120_none_0f8b124e5a6a3e97\COMCTL32.dll
0x00007ffa44a20000 - 0x00007ffa44abb000 	C:\Windows\System32\msvcp_win.dll
0x00007ffa466d0000 - 0x00007ffa469d6000 	C:\Windows\System32\combase.dll
0x00007ffa44ae0000 - 0x00007ffa44b52000 	C:\Windows\System32\bcryptPrimitives.dll
0x00007ffa37bb0000 - 0x00007ffa37bba000 	C:\Windows\SYSTEM32\VERSION.dll
0x00007ffa474c0000 - 0x00007ffa474ed000 	C:\Windows\System32\IMM32.DLL
0x00007ffa079b0000 - 0x00007ffa07a4b000 	C:\Program Files\Java\jdk-14.0.2\bin\msvcp140.dll
0x00007ff9dee10000 - 0x00007ff9df92e000 	C:\Program Files\Java\jdk-14.0.2\bin\server\jvm.dll
0x00007ffa477b0000 - 0x00007ffa477b8000 	C:\Windows\System32\PSAPI.DLL
0x00007ffa42070000 - 0x00007ffa42093000 	C:\Windows\SYSTEM32\WINMM.dll
0x00007ffa42200000 - 0x00007ffa42209000 	C:\Windows\SYSTEM32\WSOCK32.dll
0x00007ffa47130000 - 0x00007ffa4719c000 	C:\Windows\System32\WS2_32.dll
0x00007ffa42010000 - 0x00007ffa4203a000 	C:\Windows\SYSTEM32\WINMMBASE.dll
0x00007ffa43e40000 - 0x00007ffa43e8a000 	C:\Windows\System32\cfgmgr32.dll
0x00007ffa43e00000 - 0x00007ffa43e11000 	C:\Windows\System32\kernel.appcore.dll
0x00007ffa407a0000 - 0x00007ffa407aa000 	C:\Program Files\Java\jdk-14.0.2\bin\jimage.dll
0x00007ffa34310000 - 0x00007ffa344d8000 	C:\Windows\SYSTEM32\DBGHELP.DLL
0x00007ffa34190000 - 0x00007ffa341b9000 	C:\Windows\SYSTEM32\dbgcore.DLL
0x00007ffa10f60000 - 0x00007ffa10f85000 	C:\Program Files\Java\jdk-14.0.2\bin\java.dll
0x00007ffa1f720000 - 0x00007ffa1f736000 	C:\Program Files\Java\jdk-14.0.2\bin\zip.dll
0x00007ffa45290000 - 0x00007ffa466c8000 	C:\Windows\System32\SHELL32.dll
0x00007ffa47930000 - 0x00007ffa479d6000 	C:\Windows\System32\shcore.dll
0x00007ffa44100000 - 0x00007ffa44847000 	C:\Windows\System32\windows.storage.dll
0x00007ffa45060000 - 0x00007ffa450b1000 	C:\Windows\System32\shlwapi.dll
0x00007ffa43db0000 - 0x00007ffa43dfc000 	C:\Windows\System32\powrprof.dll
0x00007ffa43d90000 - 0x00007ffa43dab000 	C:\Windows\System32\profapi.dll
0x00007ffa1b4c0000 - 0x00007ffa1b4d9000 	C:\Program Files\Java\jdk-14.0.2\bin\net.dll
0x00007ffa3fcc0000 - 0x00007ffa3fd9e000 	C:\Windows\SYSTEM32\WINHTTP.dll
0x00007ffa435c0000 - 0x00007ffa43626000 	C:\Windows\system32\mswsock.dll
0x00007ffa18030000 - 0x00007ffa18042000 	C:\Program Files\Java\jdk-14.0.2\bin\nio.dll
0x00007ffa389f0000 - 0x00007ffa389f9000 	C:\Program Files\Java\jdk-14.0.2\bin\management.dll
0x00007ffa38330000 - 0x00007ffa3833b000 	C:\Program Files\Java\jdk-14.0.2\bin\management_ext.dll
0x00007ffa28e10000 - 0x00007ffa28e26000 	C:\Windows\system32\napinsp.dll
0x00007ffa28df0000 - 0x00007ffa28e0a000 	C:\Windows\system32\pnrpnsp.dll
0x00007ffa40aa0000 - 0x00007ffa40ab8000 	C:\Windows\system32\NLAapi.dll
0x00007ffa43390000 - 0x00007ffa43446000 	C:\Windows\SYSTEM32\DNSAPI.dll
0x00007ffa47120000 - 0x00007ffa47128000 	C:\Windows\System32\NSI.dll
0x00007ffa43350000 - 0x00007ffa43389000 	C:\Windows\SYSTEM32\IPHLPAPI.DLL
0x00007ffa28de0000 - 0x00007ffa28dee000 	C:\Windows\System32\winrnr.dll
0x0000000074ea0000 - 0x0000000074ec6000 	C:\Program Files\Bonjour\mdnsNSP.dll
0x00007ffa3c780000 - 0x00007ffa3c78a000 	C:\Windows\System32\rasadhlp.dll
0x00007ffa3ddc0000 - 0x00007ffa3de30000 	C:\Windows\System32\fwpuclnt.dll
0x00007ffa43880000 - 0x00007ffa438a5000 	C:\Windows\SYSTEM32\bcrypt.dll
0x00007ffa43780000 - 0x00007ffa43797000 	C:\Windows\SYSTEM32\CRYPTSP.dll
0x00007ffa431c0000 - 0x00007ffa431f3000 	C:\Windows\system32\rsaenh.dll
0x00007ffa43c90000 - 0x00007ffa43cb9000 	C:\Windows\SYSTEM32\USERENV.dll
0x00007ffa43c80000 - 0x00007ffa43c8b000 	C:\Windows\SYSTEM32\CRYPTBASE.dll
0x00007ffa3e660000 - 0x00007ffa3e676000 	C:\Windows\SYSTEM32\dhcpcsvc6.DLL
0x00007ffa3e610000 - 0x00007ffa3e62a000 	C:\Windows\SYSTEM32\dhcpcsvc.DLL
0x00007ffa3d340000 - 0x00007ffa3d350000 	C:\Program Files\Java\jdk-14.0.2\bin\verify.dll

dbghelp: loaded successfully - version: 4.0.5 - missing functions: none
symbol engine: initialized successfully - sym options: 0x614 - pdb path: .;C:\Program Files\Java\jdk-14.0.2\bin;C:\Windows\SYSTEM32;C:\Windows\WinSxS\amd64_microsoft.windows.common-controls_6595b64144ccf1df_6.0.16299.1120_none_0f8b124e5a6a3e97;C:\Program Files\Java\jdk-14.0.2\bin\server;C:\Program Files\Bonjour

VM Arguments:
jvm_args: -Dcom.sun.management.jmxremote -Dcom.sun.management.jmxremote.port=50060 -Dcom.sun.management.jmxremote.authenticate=false -Dcom.sun.management.jmxremote.ssl=false -Djava.rmi.server.hostname=localhost -Dspring.application.admin.enabled=true -Dspring.jmx.enabled=true -XX:+ShowCodeDetailsInExceptionMessages -Dfile.encoding=UTF-8 
java_command: com.una.muni.MuniApplication
java_class_path (initial): C:\Users\ADMIN\Desktop\II ciclo 2020\Inge II 2020\Proyecto DocTrack\doctrack v1\doctrack v1\muni\target\classes;C:\Users\ADMIN\.m2\repository\org\springframework\boot\spring-boot-starter-data-jpa\2.3.4.RELEASE\spring-boot-starter-data-jpa-2.3.4.RELEASE.jar;C:\Users\ADMIN\.m2\repository\org\springframework\boot\spring-boot-starter-aop\2.3.4.RELEASE\spring-boot-starter-aop-2.3.4.RELEASE.jar;C:\Users\ADMIN\.m2\repository\org\springframework\spring-aop\5.2.9.RELEASE\spring-aop-5.2.9.RELEASE.jar;C:\Users\ADMIN\.m2\repository\org\aspectj\aspectjweaver\1.9.6\aspectjweaver-1.9.6.jar;C:\Users\ADMIN\.m2\repository\org\springframework\boot\spring-boot-starter-jdbc\2.3.4.RELEASE\spring-boot-starter-jdbc-2.3.4.RELEASE.jar;C:\Users\ADMIN\.m2\repository\com\zaxxer\HikariCP\3.4.5\HikariCP-3.4.5.jar;C:\Users\ADMIN\.m2\repository\org\springframework\spring-jdbc\5.2.9.RELEASE\spring-jdbc-5.2.9.RELEASE.jar;C:\Users\ADMIN\.m2\repository\jakarta\transaction\jakarta.transaction-api\1.3.3\jakarta.transaction-api-1.3.3.jar;C:\Users\ADMIN\.m2\repository\jakarta\persistence\jakarta.persistence-api\2.2.3\jakarta.persistence-api-2.2.3.jar;C:\Users\ADMIN\.m2\repository\org\hibernate\hibernate-core\5.4.21.Final\hibernate-core-5.4.21.Final.jar;C:\Users\ADMIN\.m2\repository\org\jboss\logging\jboss-logging\3.4.1.Final\jboss-logging-3.4.1.Final.jar;C:\Users\ADMIN\.m2\repository\org\javassist\javassist\3.24.0-GA\javassist-3.24.0-GA.jar;C:\Users\ADMIN\.m2\repository\net\bytebuddy\byte-buddy\1.10.14\byte-buddy-1.10.14.jar;C:\Users\ADMIN\.m2\repository\antlr\antlr\2.7.7\antlr-2.7.7.jar;C:\Users\ADMIN\.m2\repository\org\jboss\jandex\2.1.3.Final\jandex-2.1.3.Final.jar;C:\Users\ADMIN\.m2\repository\com\fasterxml\classmate\1.5.1\classmate-1.5.1.jar;C:\Users\ADMIN\.m2\repository\org\dom4j\dom4j\2.1.3\dom4j-2.1.3.jar;C:\Users\ADMIN\.m2\repository\org\hibernate\common\hibernate-commons-annotations\5.1.0.Final\hibernate-commons-annotations-5.1.0.Final.jar;C:\Users\ADMIN\.m2\repositor
Launcher Type: SUN_STANDARD

[Global flags]
     intx CICompilerCount                          = 3                                         {product} {ergonomic}
     uint ConcGCThreads                            = 1                                         {product} {ergonomic}
     uint G1ConcRefinementThreads                  = 4                                         {product} {ergonomic}
   size_t G1HeapRegionSize                         = 1048576                                   {product} {ergonomic}
    uintx GCDrainStackTargetSize                   = 64                                        {product} {ergonomic}
   size_t InitialHeapSize                          = 167772160                                 {product} {ergonomic}
     bool ManagementServer                         = true                                      {product} {command line}
   size_t MarkStackSize                            = 4194304                                   {product} {ergonomic}
   size_t MaxHeapSize                              = 2661285888                                {product} {ergonomic}
   size_t MaxNewSize                               = 1595932672                                {product} {ergonomic}
   size_t MinHeapDeltaBytes                        = 1048576                                   {product} {ergonomic}
   size_t MinHeapSize                              = 8388608                                   {product} {ergonomic}
    uintx NonNMethodCodeHeapSize                   = 5832780                                {pd product} {ergonomic}
    uintx NonProfiledCodeHeapSize                  = 122912730                              {pd product} {ergonomic}
    uintx ProfiledCodeHeapSize                     = 122912730                              {pd product} {ergonomic}
    uintx ReservedCodeCacheSize                    = 251658240                              {pd product} {ergonomic}
     bool SegmentedCodeCache                       = true                                      {product} {ergonomic}
     bool ShowCodeDetailsInExceptionMessages       = true                                   {manageable} {command line}
   size_t SoftMaxHeapSize                          = 2661285888                             {manageable} {ergonomic}
     bool UseCompressedClassPointers               = true                                 {lp64_product} {ergonomic}
     bool UseCompressedOops                        = true                                 {lp64_product} {ergonomic}
     bool UseG1GC                                  = true                                      {product} {ergonomic}
     bool UseLargePagesIndividualAllocation        = false                                  {pd product} {ergonomic}

Logging:
Log output configuration:
 #0: stdout all=warning uptime,level,tags
 #1: stderr all=off uptime,level,tags

Environment Variables:
JAVA_HOME=C:\Program Files\Java\jdk-14.0.2
PATH=C:\Program Files\Java\jdk-14.0.2\bin;C:\Program Files (x86)\Common Files\Oracle\Java\javapath;C:\ProgramData\Oracle\Java\javapath;C:\Python38-32\Scripts\;C:\Python38-32\;C:\oraclexe\app\oracle\product\11.2.0\server\bin;C:\Program Files (x86)\Intel\iCLS Client\;C:\Program Files\Intel\iCLS Client\;C:\Windows\system32;C:\Windows;C:\Windows\System32\Wbem;C:\Windows\System32\WindowsPowerShell\v1.0\;C:\Program Files (x86)\Common Files\Acronis\VirtualFile\;C:\Program Files (x86)\Common Files\Acronis\VirtualFile64\;C:\Program Files (x86)\Common Files\Acronis\FileProtector\;C:\Program Files (x86)\Common Files\Acronis\FileProtector64\;C:\Program Files (x86)\Common Files\Acronis\SnapAPI\;C:\Program Files (x86)\Intel\Intel(R) Management Engine Components\DAL;C:\Program Files\Intel\Intel(R) Management Engine Components\DAL;C:\Program Files (x86)\Intel\Intel(R) Management Engine Components\IPT;C:\Program Files\Intel\Intel(R) Management Engine Components\IPT;C:\Program Files\Sublime Text 3;C:\Program Files (x86)\Wolfram Research\WolframScript\;C:\Program Files\Java\jdk1.8.0_261\bin;C:\Program Files\Git\cmd;C:\Program Files\nodejs\;C:\Program Files\swipl\bin;C:\Program Files\MySQL\MySQL Shell 8.0\bin\;C:\Users\ADMIN\AppData\Local\Microsoft\WindowsApps;C:\Program Files\MongoDB\Server\4.2\bin\;C:\java\apache-maven-3.6.3\bin;C:\Users\ADMIN\AppData\Local\Programs\Microsoft VS Code\bin;C:\Program Files\Java\jdk1.8.0_251\bin;C:\Users\ADMIN\AppData\Roaming\npm
USERNAME=ADMIN
OS=Windows_NT
PROCESSOR_IDENTIFIER=Intel64 Family 6 Model 60 Stepping 3, GenuineIntel



---------------  S Y S T E M  ---------------

OS: Windows 10 , 64 bit Build 16299 (10.0.16299.1127)
OS uptime: 0 days 16:29 hours

CPU:total 4 (initial active 4) (4 cores per cpu, 1 threads per core) family 6 model 60 stepping 3, cmov, cx8, fxsr, mmx, sse, sse2, sse3, ssse3, sse4.1, sse4.2, popcnt, avx, avx2, aes, clmul, erms, lzcnt, tsc, tscinvbit, bmi1, bmi2, fma

Memory: 4k page, system-wide physical 10145M (2047M free)
TotalPageFile size 13165M (AvailPageFile size 22M)
current process WorkingSet (physical memory assigned to process): 196M, peak: 198M
current process commit charge ("private bytes"): 289M, peak: 321M

vm_info: Java HotSpot(TM) 64-Bit Server VM (14.0.2+12-46) for windows-amd64 JRE (14.0.2+12-46), built on Jul  9 2020 00:35:52 by "mach5one" with MS VC++ 15.9 (VS2017)

END.
