#
# There is insufficient memory for the Java Runtime Environment to continue.
# Native memory allocation (mmap) failed to map 167772160 bytes for Failed to commit area from 0x0000000761600000 to 0x000000076b600000 of length 167772160.
# Possible reasons:
#   The system is out of physical RAM or swap space
#   The process is running with CompressedOops enabled, and the Java Heap may be blocking the growth of the native heap
# Possible solutions:
#   Reduce memory load on the system
#   Increase physical memory or swap space
#   Check if swap backing store is full
#   Decrease Java heap size (-Xmx/-Xms)
#   Decrease number of Java threads
#   Decrease Java thread stack sizes (-Xss)
#   Set larger code cache with -XX:ReservedCodeCacheSize=
#   JVM is running with Zero Based Compressed Oops mode in which the Java heap is
#     placed in the first 32GB address space. The Java Heap base address is the
#     maximum limit for the native heap growth. Please use -XX:HeapBaseMinAddress
#     to set the Java Heap base and to place the Java Heap above 32GB virtual address.
# This output file may be truncated or incomplete.
#
#  Out of Memory Error (./open/src/hotspot/os/windows/os_windows.cpp:3315), pid=15620, tid=864
#
# JRE version:  (14.0.2+12) (build )
# Java VM: Java HotSpot(TM) 64-Bit Server VM (14.0.2+12-46, mixed mode, sharing, tiered, compressed oops, g1 gc, windows-amd64)
# No core dump will be written. Minidumps are not enabled by default on client versions of Windows
#

---------------  S U M M A R Y ------------

Command Line: -Dmaven.multiModuleProjectDirectory=c:\Users\ADMIN\Desktop\II ciclo 2020\Inge II 2020\final\Nueva carpeta\Nueva carpeta\doctrack v1\muni org.apache.maven.wrapper.MavenWrapperMain help:effective-pom -Doutput=c:\Users\ADMIN\AppData\Roaming\Code\User\workspaceStorage\ae7312a1b82524cf72cda30ad8231c81\vscjava.vscode-maven\8b02348f961fbafdfd2823cb9bb93e18 -f c:\Users\ADMIN\Desktop\II ciclo 2020\Inge II 2020\final\Nueva carpeta\Nueva carpeta\doctrack v1\muni\pom.xml

Host: Intel(R) Core(TM) i5-4570 CPU @ 3.20GHz, 4 cores, 9G,  Windows 10 , 64 bit Build 16299 (10.0.16299.1127)
Time: Wed Nov 11 22:58:32 2020 Hora estándar, América Central elapsed time: 0 seconds (0d 0h 0m 0s)

---------------  T H R E A D  ---------------

Current thread (0x00000204f9d4e800):  JavaThread "Unknown thread" [_thread_in_vm, id=864, stack(0x0000000693a00000,0x0000000693b00000)]

Stack: [0x0000000693a00000,0x0000000693b00000]
Native frames: (J=compiled Java code, j=interpreted, Vv=VM code, C=native code)
V  [jvm.dll+0x5f8a9a]
V  [jvm.dll+0x74247a]
V  [jvm.dll+0x743c2f]
V  [jvm.dll+0x744273]
V  [jvm.dll+0x20d288]
V  [jvm.dll+0x5f5dea]
V  [jvm.dll+0x5eac45]
V  [jvm.dll+0x2c7e9c]
V  [jvm.dll+0x2c7cd2]
V  [jvm.dll+0x2cdbbc]
V  [jvm.dll+0x313fe8]
V  [jvm.dll+0x313710]
V  [jvm.dll+0x2a092a]
V  [jvm.dll+0x2a1a79]
V  [jvm.dll+0x71fd48]
V  [jvm.dll+0x321c14]
V  [jvm.dll+0x70112c]
V  [jvm.dll+0x392def]
V  [jvm.dll+0x394e61]
C  [jli.dll+0x524b]
C  [ucrtbase.dll+0x1fa95]
C  [KERNEL32.DLL+0x137e4]
C  [ntdll.dll+0x6cb81]


---------------  P R O C E S S  ---------------

Threads class SMR info:
_java_thread_list=0x00007ffc93183038, length=0, elements={
}

Java Threads: ( => current thread )

Other Threads:
  0x00000204f9d99800 GCTaskThread "GC Thread#0" [stack: 0x0000000693b00000,0x0000000693c00000] [id=17684]
  0x00000204f9daf000 ConcurrentGCThread "G1 Main Marker" [stack: 0x0000000693c00000,0x0000000693d00000] [id=19976]
  0x00000204f9db0000 ConcurrentGCThread "G1 Conc#0" [stack: 0x0000000693d00000,0x0000000693e00000] [id=18420]

[error occurred during error reporting (printing all threads), id 0xc0000005, EXCEPTION_ACCESS_VIOLATION (0xc0000005) at pc=0x00007ffc929b1257]

VM state:not at safepoint (not fully initialized)

VM Mutex/Monitor currently owned by a thread:  ([mutex/lock_event])
[0x00000204f9d4a9a0] Heap_lock - owner thread: 0x00000204f9d4e800

Heap address: 0x0000000761600000, size: 2538 MB, Compressed Oops mode: Zero based, Oop shift amount: 3
Narrow klass base: 0x0000000000000000, Narrow klass shift: 0

GC Heap History (0 events):
No events

Deoptimization events (0 events):
No events

Classes unloaded (0 events):
No events

Classes redefined (0 events):
No events

Internal exceptions (0 events):
No events

Events (2 events):
Event: 0.011 Loaded shared library C:\Program Files\Java\jdk-14.0.2\bin\java.dll
Event: 0.012 Loaded shared library C:\Program Files\Java\jdk-14.0.2\bin\zip.dll


Dynamic libraries:
0x00007ff78b120000 - 0x00007ff78b12f000 	C:\Program Files\Java\jdk-14.0.2\bin\java.exe
0x00007ffce93d0000 - 0x00007ffce95b0000 	C:\Windows\SYSTEM32\ntdll.dll
0x00007ffce6b60000 - 0x00007ffce6c0e000 	C:\Windows\System32\KERNEL32.DLL
0x00007ffce5fc0000 - 0x00007ffce6226000 	C:\Windows\System32\KERNELBASE.dll
0x00007ffce66f0000 - 0x00007ffce67e4000 	C:\Windows\System32\ucrtbase.dll
0x00007ffcbc0a0000 - 0x00007ffcbc0b5000 	C:\Program Files\Java\jdk-14.0.2\bin\VCRUNTIME140.dll
0x00007ffcbea90000 - 0x00007ffcbeaa8000 	C:\Program Files\Java\jdk-14.0.2\bin\jli.dll
0x00007ffce6a20000 - 0x00007ffce6ac1000 	C:\Windows\System32\ADVAPI32.dll
0x00007ffce70e0000 - 0x00007ffce717d000 	C:\Windows\System32\msvcrt.dll
0x00007ffce69c0000 - 0x00007ffce6a1b000 	C:\Windows\System32\sechost.dll
0x00007ffce68a0000 - 0x00007ffce69bf000 	C:\Windows\System32\RPCRT4.dll
0x00007ffce73c0000 - 0x00007ffce754f000 	C:\Windows\System32\USER32.dll
0x00007ffce66d0000 - 0x00007ffce66f0000 	C:\Windows\System32\win32u.dll
0x00007ffce6ad0000 - 0x00007ffce6af8000 	C:\Windows\System32\GDI32.dll
0x00007ffce6480000 - 0x00007ffce6613000 	C:\Windows\System32\gdi32full.dll
0x00007ffce57d0000 - 0x00007ffce586b000 	C:\Windows\System32\msvcp_win.dll
0x00007ffcd5df0000 - 0x00007ffcd6059000 	C:\Windows\WinSxS\amd64_microsoft.windows.common-controls_6595b64144ccf1df_6.0.16299.1120_none_0f8b124e5a6a3e97\COMCTL32.dll
0x00007ffce9090000 - 0x00007ffce9396000 	C:\Windows\System32\combase.dll
0x00007ffcda0f0000 - 0x00007ffcda0fa000 	C:\Windows\SYSTEM32\VERSION.dll
0x00007ffce6230000 - 0x00007ffce62a2000 	C:\Windows\System32\bcryptPrimitives.dll
0x00007ffce8ca0000 - 0x00007ffce8ccd000 	C:\Windows\System32\IMM32.DLL
0x00007ffcaec50000 - 0x00007ffcaeceb000 	C:\Program Files\Java\jdk-14.0.2\bin\msvcp140.dll
0x00007ffc92700000 - 0x00007ffc9321e000 	C:\Program Files\Java\jdk-14.0.2\bin\server\jvm.dll
0x00007ffce8b60000 - 0x00007ffce8b68000 	C:\Windows\System32\PSAPI.DLL
0x00007ffcdb2c0000 - 0x00007ffcdb2c9000 	C:\Windows\SYSTEM32\WSOCK32.dll
0x00007ffce3700000 - 0x00007ffce3723000 	C:\Windows\SYSTEM32\WINMM.dll
0x00007ffce7600000 - 0x00007ffce766c000 	C:\Windows\System32\WS2_32.dll
0x00007ffce3550000 - 0x00007ffce357a000 	C:\Windows\SYSTEM32\WINMMBASE.dll
0x00007ffce6680000 - 0x00007ffce66ca000 	C:\Windows\System32\cfgmgr32.dll
0x00007ffce5790000 - 0x00007ffce57a1000 	C:\Windows\System32\kernel.appcore.dll
0x00007ffcdaeb0000 - 0x00007ffcdaeba000 	C:\Program Files\Java\jdk-14.0.2\bin\jimage.dll
0x00007ffcd8220000 - 0x00007ffcd83e8000 	C:\Windows\SYSTEM32\DBGHELP.DLL
0x00007ffcd7610000 - 0x00007ffcd7639000 	C:\Windows\SYSTEM32\dbgcore.DLL
0x00007ffcb8520000 - 0x00007ffcb8545000 	C:\Program Files\Java\jdk-14.0.2\bin\java.dll
0x00007ffcbbdf0000 - 0x00007ffcbbe06000 	C:\Program Files\Java\jdk-14.0.2\bin\zip.dll

dbghelp: loaded successfully - version: 4.0.5 - missing functions: none
symbol engine: initialized successfully - sym options: 0x614 - pdb path: .;C:\Program Files\Java\jdk-14.0.2\bin;C:\Windows\SYSTEM32;C:\Windows\WinSxS\amd64_microsoft.windows.common-controls_6595b64144ccf1df_6.0.16299.1120_none_0f8b124e5a6a3e97;C:\Program Files\Java\jdk-14.0.2\bin\server

VM Arguments:
jvm_args: -Dmaven.multiModuleProjectDirectory=c:\Users\ADMIN\Desktop\II ciclo 2020\Inge II 2020\final\Nueva carpeta\Nueva carpeta\doctrack v1\muni 
java_command: org.apache.maven.wrapper.MavenWrapperMain help:effective-pom -Doutput=c:\Users\ADMIN\AppData\Roaming\Code\User\workspaceStorage\ae7312a1b82524cf72cda30ad8231c81\vscjava.vscode-maven\8b02348f961fbafdfd2823cb9bb93e18 -f c:\Users\ADMIN\Desktop\II ciclo 2020\Inge II 2020\final\Nueva carpeta\Nueva carpeta\doctrack v1\muni\pom.xml
java_class_path (initial): c:\Users\ADMIN\Desktop\II ciclo 2020\Inge II 2020\final\Nueva carpeta\Nueva carpeta\doctrack v1\muni\.mvn\wrapper\maven-wrapper.jar
Launcher Type: SUN_STANDARD

[Global flags]
     intx CICompilerCount                          = 3                                         {product} {ergonomic}
     uint ConcGCThreads                            = 1                                         {product} {ergonomic}
     uint G1ConcRefinementThreads                  = 4                                         {product} {ergonomic}
   size_t G1HeapRegionSize                         = 1048576                                   {product} {ergonomic}
    uintx GCDrainStackTargetSize                   = 64                                        {product} {ergonomic}
   size_t InitialHeapSize                          = 167772160                                 {product} {ergonomic}
   size_t MarkStackSize                            = 4194304                                   {product} {ergonomic}
   size_t MaxHeapSize                              = 2661285888                                {product} {ergonomic}
   size_t MinHeapDeltaBytes                        = 1048576                                   {product} {ergonomic}
   size_t MinHeapSize                              = 8388608                                   {product} {ergonomic}
    uintx NonNMethodCodeHeapSize                   = 5832780                                {pd product} {ergonomic}
    uintx NonProfiledCodeHeapSize                  = 122912730                              {pd product} {ergonomic}
    uintx ProfiledCodeHeapSize                     = 122912730                              {pd product} {ergonomic}
    uintx ReservedCodeCacheSize                    = 251658240                              {pd product} {ergonomic}
     bool SegmentedCodeCache                       = true                                      {product} {ergonomic}
   size_t SoftMaxHeapSize                          = 2661285888                             {manageable} {ergonomic}
     bool UseCompressedClassPointers               = true                                 {lp64_product} {ergonomic}
     bool UseCompressedOops                        = true                                 {lp64_product} {ergonomic}
     bool UseG1GC                                  = true                                      {product} {ergonomic}
     bool UseLargePagesIndividualAllocation        = false                                  {pd product} {ergonomic}

Logging:
Log output configuration:
 #0: stdout all=warning uptime,level,tags
 #1: stderr all=off uptime,level,tags

Environment Variables:
JAVA_HOME=C:\Program Files\Java\jdk-14.0.2
PATH=C:\Program Files\Java\jdk-14.0.2\bin;C:\Program Files (x86)\Common Files\Oracle\Java\javapath;C:\ProgramData\Oracle\Java\javapath;C:\Python38-32\Scripts\;C:\Python38-32\;C:\oraclexe\app\oracle\product\11.2.0\server\bin;C:\Program Files (x86)\Intel\iCLS Client\;C:\Program Files\Intel\iCLS Client\;C:\Windows\system32;C:\Windows;C:\Windows\System32\Wbem;C:\Windows\System32\WindowsPowerShell\v1.0\;C:\Program Files (x86)\Common Files\Acronis\VirtualFile\;C:\Program Files (x86)\Common Files\Acronis\VirtualFile64\;C:\Program Files (x86)\Common Files\Acronis\FileProtector\;C:\Program Files (x86)\Common Files\Acronis\FileProtector64\;C:\Program Files (x86)\Common Files\Acronis\SnapAPI\;C:\Program Files (x86)\Intel\Intel(R) Management Engine Components\DAL;C:\Program Files\Intel\Intel(R) Management Engine Components\DAL;C:\Program Files (x86)\Intel\Intel(R) Management Engine Components\IPT;C:\Program Files\Intel\Intel(R) Management Engine Components\IPT;C:\Program Files\Sublime Text 3;C:\Program Files (x86)\Wolfram Research\WolframScript\;C:\Program Files\Java\jdk1.8.0_261\bin;C:\Program Files\nodejs\;C:\Program Files\swipl\bin;C:\Program Files\Git\cmd;C:\Program Files\MySQL\MySQL Shell 8.0\bin\;C:\Users\ADMIN\AppData\Local\Microsoft\WindowsApps;C:\Program Files\MongoDB\Server\4.2\bin\;C:\java\apache-maven-3.6.3\bin;C:\Users\ADMIN\AppData\Local\Programs\Microsoft VS Code\bin;C:\Program Files\Java\jdk1.8.0_251\bin;C:\Users\ADMIN\AppData\Roaming\npm
USERNAME=ADMIN
OS=Windows_NT
PROCESSOR_IDENTIFIER=Intel64 Family 6 Model 60 Stepping 3, GenuineIntel



---------------  S Y S T E M  ---------------

OS: Windows 10 , 64 bit Build 16299 (10.0.16299.1127)
OS uptime: 6 days 4:38 hours

CPU:total 4 (initial active 4) (4 cores per cpu, 1 threads per core) family 6 model 60 stepping 3, cmov, cx8, fxsr, mmx, sse, sse2, sse3, ssse3, sse4.1, sse4.2, popcnt, avx, avx2, aes, clmul, erms, lzcnt, tsc, tscinvbit, bmi1, bmi2, fma

Memory: 4k page, system-wide physical 10145M (1244M free)
TotalPageFile size 13165M (AvailPageFile size 28M)
current process WorkingSet (physical memory assigned to process): 10M, peak: 10M
current process commit charge ("private bytes"): 52M, peak: 212M

vm_info: Java HotSpot(TM) 64-Bit Server VM (14.0.2+12-46) for windows-amd64 JRE (14.0.2+12-46), built on Jul  9 2020 00:35:52 by "mach5one" with MS VC++ 15.9 (VS2017)

END.
